#
# There is insufficient memory for the Java Runtime Environment to continue.
# Native memory allocation (mmap) failed to map 4294967296 bytes for committing reserved memory.
# Possible reasons:
#   The system is out of physical RAM or swap space
#   In 32 bit mode, the process size limit was hit
# Possible solutions:
#   Reduce memory load on the system
#   Increase physical memory or swap space
#   Check if swap backing store is full
#   Use 64 bit Java on a 64 bit OS
#   Decrease Java heap size (-Xmx/-Xms)
#   Decrease number of Java threads
#   Decrease Java thread stack sizes (-Xss)
#   Set larger code cache with -XX:ReservedCodeCacheSize=
# This output file may be truncated or incomplete.
#
#  Out of Memory Error (os_linux.cpp:2643), pid=11886, tid=0x00007fa47f474700
#
# JRE version:  (8.0_171-b11) (build )
# Java VM: OpenJDK 64-Bit Server VM (25.171-b11 mixed mode linux-amd64 compressed oops)
# Failed to write core dump. Core dumps have been disabled. To enable core dumping, try "ulimit -c unlimited" before starting Java again
#

---------------  T H R E A D  ---------------

Current thread (0x00007fa47800a800):  JavaThread "Unknown thread" [_thread_in_vm, id=11887, stack(0x00007fa47f374000,0x00007fa47f475000)]

Stack: [0x00007fa47f374000,0x00007fa47f475000],  sp=0x00007fa47f4734e0,  free space=1021k
Native frames: (J=compiled Java code, j=interpreted, Vv=VM code, C=native code)
V  [libjvm.so+0xa70c90]
V  [libjvm.so+0x4c7acc]
V  [libjvm.so+0x8beb18]
V  [libjvm.so+0x8b90be]
V  [libjvm.so+0xa6d844]
V  [libjvm.so+0x5cb7b0]
V  [libjvm.so+0xa0d2a4]
V  [libjvm.so+0x5cc54a]
V  [libjvm.so+0x5b7d4f]
V  [libjvm.so+0xa34f21]
V  [libjvm.so+0xa35182]
V  [libjvm.so+0x610d0f]
V  [libjvm.so+0xa19a3a]
V  [libjvm.so+0x68b351]  JNI_CreateJavaVM+0x61
C  [libjli.so+0x2f06]
C  [libjli.so+0x74fd]
C  [libpthread.so.0+0x7494]  start_thread+0xc4


---------------  P R O C E S S  ---------------

Java Threads: ( => current thread )

Other Threads:

=>0x00007fa47800a800 (exited) JavaThread "Unknown thread" [_thread_in_vm, id=11887, stack(0x00007fa47f374000,0x00007fa47f475000)]

VM state:not at safepoint (not fully initialized)

VM Mutex/Monitor currently owned by a thread: None

GC Heap History (0 events):
No events

Deoptimization events (0 events):
No events

Classes redefined (0 events):
No events

Internal exceptions (0 events):
No events

Events (0 events):
No events


Dynamic libraries:
640000000-6c0000000 rw-p 00000000 00:00 0 
55d4dbea2000-55d4dbea3000 r-xp 00000000 08:01 138066                     /usr/lib/jvm/java-8-openjdk-amd64/jre/bin/java
55d4dc0a2000-55d4dc0a3000 r--p 00000000 08:01 138066                     /usr/lib/jvm/java-8-openjdk-amd64/jre/bin/java
55d4dc0a3000-55d4dc0a4000 rw-p 00001000 08:01 138066                     /usr/lib/jvm/java-8-openjdk-amd64/jre/bin/java
55d4dcdd6000-55d4dcdf7000 rw-p 00000000 00:00 0                          [heap]
7fa467e36000-7fa468236000 rw-p 00000000 00:00 0 
7fa468236000-7fa468a36000 ---p 00000000 00:00 0 
7fa468a36000-7fa468a41000 rw-p 00000000 00:00 0 
7fa468a41000-7fa468df7000 ---p 00000000 00:00 0 
7fa468df7000-7fa469067000 rwxp 00000000 00:00 0 
7fa469067000-7fa477df7000 ---p 00000000 00:00 0 
7fa477df7000-7fa477dff000 r-xp 00000000 08:01 147616                     /usr/lib/jvm/java-8-openjdk-amd64/jre/lib/amd64/libzip.so
7fa477dff000-7fa477ffe000 ---p 00008000 08:01 147616                     /usr/lib/jvm/java-8-openjdk-amd64/jre/lib/amd64/libzip.so
7fa477ffe000-7fa477fff000 r--p 00007000 08:01 147616                     /usr/lib/jvm/java-8-openjdk-amd64/jre/lib/amd64/libzip.so
7fa477fff000-7fa478000000 rw-p 00008000 08:01 147616                     /usr/lib/jvm/java-8-openjdk-amd64/jre/lib/amd64/libzip.so
7fa478000000-7fa478033000 rw-p 00000000 00:00 0 
7fa478033000-7fa47c000000 ---p 00000000 00:00 0 
7fa47c00b000-7fa47c015000 r-xp 00000000 08:01 524435                     /lib/x86_64-linux-gnu/libnss_files-2.24.so
7fa47c015000-7fa47c215000 ---p 0000a000 08:01 524435                     /lib/x86_64-linux-gnu/libnss_files-2.24.so
7fa47c215000-7fa47c216000 r--p 0000a000 08:01 524435                     /lib/x86_64-linux-gnu/libnss_files-2.24.so
7fa47c216000-7fa47c217000 rw-p 0000b000 08:01 524435                     /lib/x86_64-linux-gnu/libnss_files-2.24.so
7fa47c217000-7fa47c21d000 rw-p 00000000 00:00 0 
7fa47c21d000-7fa47c228000 r-xp 00000000 08:01 524697                     /lib/x86_64-linux-gnu/libnss_nis-2.24.so
7fa47c228000-7fa47c427000 ---p 0000b000 08:01 524697                     /lib/x86_64-linux-gnu/libnss_nis-2.24.so
7fa47c427000-7fa47c428000 r--p 0000a000 08:01 524697                     /lib/x86_64-linux-gnu/libnss_nis-2.24.so
7fa47c428000-7fa47c429000 rw-p 0000b000 08:01 524697                     /lib/x86_64-linux-gnu/libnss_nis-2.24.so
7fa47c429000-7fa47c43d000 r-xp 00000000 08:01 524380                     /lib/x86_64-linux-gnu/libnsl-2.24.so
7fa47c43d000-7fa47c63d000 ---p 00014000 08:01 524380                     /lib/x86_64-linux-gnu/libnsl-2.24.so
7fa47c63d000-7fa47c63e000 r--p 00014000 08:01 524380                     /lib/x86_64-linux-gnu/libnsl-2.24.so
7fa47c63e000-7fa47c63f000 rw-p 00015000 08:01 524380                     /lib/x86_64-linux-gnu/libnsl-2.24.so
7fa47c63f000-7fa47c641000 rw-p 00000000 00:00 0 
7fa47c641000-7fa47c648000 r-xp 00000000 08:01 524381                     /lib/x86_64-linux-gnu/libnss_compat-2.24.so
7fa47c648000-7fa47c847000 ---p 00007000 08:01 524381                     /lib/x86_64-linux-gnu/libnss_compat-2.24.so
7fa47c847000-7fa47c848000 r--p 00006000 08:01 524381                     /lib/x86_64-linux-gnu/libnss_compat-2.24.so
7fa47c848000-7fa47c849000 rw-p 00007000 08:01 524381                     /lib/x86_64-linux-gnu/libnss_compat-2.24.so
7fa47c849000-7fa47c876000 r-xp 00000000 08:01 147588                     /usr/lib/jvm/java-8-openjdk-amd64/jre/lib/amd64/libjava.so
7fa47c876000-7fa47ca76000 ---p 0002d000 08:01 147588                     /usr/lib/jvm/java-8-openjdk-amd64/jre/lib/amd64/libjava.so
7fa47ca76000-7fa47ca77000 r--p 0002d000 08:01 147588                     /usr/lib/jvm/java-8-openjdk-amd64/jre/lib/amd64/libjava.so
7fa47ca77000-7fa47ca79000 rw-p 0002e000 08:01 147588                     /usr/lib/jvm/java-8-openjdk-amd64/jre/lib/amd64/libjava.so
7fa47ca79000-7fa47ca88000 r-xp 00000000 08:01 147615                     /usr/lib/jvm/java-8-openjdk-amd64/jre/lib/amd64/libverify.so
7fa47ca88000-7fa47cc88000 ---p 0000f000 08:01 147615                     /usr/lib/jvm/java-8-openjdk-amd64/jre/lib/amd64/libverify.so
7fa47cc88000-7fa47cc8a000 r--p 0000f000 08:01 147615                     /usr/lib/jvm/java-8-openjdk-amd64/jre/lib/amd64/libverify.so
7fa47cc8a000-7fa47cc8b000 rw-p 00011000 08:01 147615                     /usr/lib/jvm/java-8-openjdk-amd64/jre/lib/amd64/libverify.so
7fa47cc8b000-7fa47cc92000 r-xp 00000000 08:01 524731                     /lib/x86_64-linux-gnu/librt-2.24.so
7fa47cc92000-7fa47ce91000 ---p 00007000 08:01 524731                     /lib/x86_64-linux-gnu/librt-2.24.so
7fa47ce91000-7fa47ce92000 r--p 00006000 08:01 524731                     /lib/x86_64-linux-gnu/librt-2.24.so
7fa47ce92000-7fa47ce93000 rw-p 00007000 08:01 524731                     /lib/x86_64-linux-gnu/librt-2.24.so
7fa47ce93000-7fa47cea9000 r-xp 00000000 08:01 525381                     /lib/x86_64-linux-gnu/libgcc_s.so.1
7fa47cea9000-7fa47d0a8000 ---p 00016000 08:01 525381                     /lib/x86_64-linux-gnu/libgcc_s.so.1
7fa47d0a8000-7fa47d0a9000 r--p 00015000 08:01 525381                     /lib/x86_64-linux-gnu/libgcc_s.so.1
7fa47d0a9000-7fa47d0aa000 rw-p 00016000 08:01 525381                     /lib/x86_64-linux-gnu/libgcc_s.so.1
7fa47d0aa000-7fa47d1ad000 r-xp 00000000 08:01 524377                     /lib/x86_64-linux-gnu/libm-2.24.so
7fa47d1ad000-7fa47d3ac000 ---p 00103000 08:01 524377                     /lib/x86_64-linux-gnu/libm-2.24.so
7fa47d3ac000-7fa47d3ad000 r--p 00102000 08:01 524377                     /lib/x86_64-linux-gnu/libm-2.24.so
7fa47d3ad000-7fa47d3ae000 rw-p 00103000 08:01 524377                     /lib/x86_64-linux-gnu/libm-2.24.so
7fa47d3ae000-7fa47d520000 r-xp 00000000 08:01 132130                     /usr/lib/x86_64-linux-gnu/libstdc++.so.6.0.22
7fa47d520000-7fa47d720000 ---p 00172000 08:01 132130                     /usr/lib/x86_64-linux-gnu/libstdc++.so.6.0.22
7fa47d720000-7fa47d72a000 r--p 00172000 08:01 132130                     /usr/lib/x86_64-linux-gnu/libstdc++.so.6.0.22
7fa47d72a000-7fa47d72c000 rw-p 0017c000 08:01 132130                     /usr/lib/x86_64-linux-gnu/libstdc++.so.6.0.22
7fa47d72c000-7fa47d730000 rw-p 00000000 00:00 0 
7fa47d730000-7fa47e38a000 r-xp 00000000 08:01 147618                     /usr/lib/jvm/java-8-openjdk-amd64/jre/lib/amd64/server/libjvm.so
7fa47e38a000-7fa47e589000 ---p 00c5a000 08:01 147618                     /usr/lib/jvm/java-8-openjdk-amd64/jre/lib/amd64/server/libjvm.so
7fa47e589000-7fa47e61d000 r--p 00c59000 08:01 147618                     /usr/lib/jvm/java-8-openjdk-amd64/jre/lib/amd64/server/libjvm.so
7fa47e61d000-7fa47e646000 rw-p 00ced000 08:01 147618                     /usr/lib/jvm/java-8-openjdk-amd64/jre/lib/amd64/server/libjvm.so
7fa47e646000-7fa47e676000 rw-p 00000000 00:00 0 
7fa47e676000-7fa47e80b000 r-xp 00000000 08:01 524372                     /lib/x86_64-linux-gnu/libc-2.24.so
7fa47e80b000-7fa47ea0b000 ---p 00195000 08:01 524372                     /lib/x86_64-linux-gnu/libc-2.24.so
7fa47ea0b000-7fa47ea0f000 r--p 00195000 08:01 524372                     /lib/x86_64-linux-gnu/libc-2.24.so
7fa47ea0f000-7fa47ea11000 rw-p 00199000 08:01 524372                     /lib/x86_64-linux-gnu/libc-2.24.so
7fa47ea11000-7fa47ea15000 rw-p 00000000 00:00 0 
7fa47ea15000-7fa47ea18000 r-xp 00000000 08:01 524375                     /lib/x86_64-linux-gnu/libdl-2.24.so
7fa47ea18000-7fa47ec17000 ---p 00003000 08:01 524375                     /lib/x86_64-linux-gnu/libdl-2.24.so
7fa47ec17000-7fa47ec18000 r--p 00002000 08:01 524375                     /lib/x86_64-linux-gnu/libdl-2.24.so
7fa47ec18000-7fa47ec19000 rw-p 00003000 08:01 524375                     /lib/x86_64-linux-gnu/libdl-2.24.so
7fa47ec19000-7fa47ec26000 r-xp 00000000 08:01 147283                     /usr/lib/jvm/java-8-openjdk-amd64/jre/lib/amd64/jli/libjli.so
7fa47ec26000-7fa47ee26000 ---p 0000d000 08:01 147283                     /usr/lib/jvm/java-8-openjdk-amd64/jre/lib/amd64/jli/libjli.so
7fa47ee26000-7fa47ee27000 r--p 0000d000 08:01 147283                     /usr/lib/jvm/java-8-openjdk-amd64/jre/lib/amd64/jli/libjli.so
7fa47ee27000-7fa47ee28000 rw-p 0000e000 08:01 147283                     /usr/lib/jvm/java-8-openjdk-amd64/jre/lib/amd64/jli/libjli.so
7fa47ee28000-7fa47ee41000 r-xp 00000000 08:01 524630                     /lib/x86_64-linux-gnu/libz.so.1.2.8
7fa47ee41000-7fa47f040000 ---p 00019000 08:01 524630                     /lib/x86_64-linux-gnu/libz.so.1.2.8
7fa47f040000-7fa47f041000 r--p 00018000 08:01 524630                     /lib/x86_64-linux-gnu/libz.so.1.2.8
7fa47f041000-7fa47f042000 rw-p 00019000 08:01 524630                     /lib/x86_64-linux-gnu/libz.so.1.2.8
7fa47f042000-7fa47f05a000 r-xp 00000000 08:01 524727                     /lib/x86_64-linux-gnu/libpthread-2.24.so
7fa47f05a000-7fa47f259000 ---p 00018000 08:01 524727                     /lib/x86_64-linux-gnu/libpthread-2.24.so
7fa47f259000-7fa47f25a000 r--p 00017000 08:01 524727                     /lib/x86_64-linux-gnu/libpthread-2.24.so
7fa47f25a000-7fa47f25b000 rw-p 00018000 08:01 524727                     /lib/x86_64-linux-gnu/libpthread-2.24.so
7fa47f25b000-7fa47f25f000 rw-p 00000000 00:00 0 
7fa47f25f000-7fa47f282000 r-xp 00000000 08:01 524356                     /lib/x86_64-linux-gnu/ld-2.24.so
7fa47f36c000-7fa47f374000 rw-s 00000000 08:01 532800                     /tmp/hsperfdata_root/11886
7fa47f374000-7fa47f377000 ---p 00000000 00:00 0 
7fa47f377000-7fa47f477000 rw-p 00000000 00:00 0 
7fa47f47d000-7fa47f47e000 rw-p 00000000 00:00 0 
7fa47f47e000-7fa47f47f000 r--p 00000000 00:00 0 
7fa47f47f000-7fa47f482000 rw-p 00000000 00:00 0 
7fa47f482000-7fa47f483000 r--p 00023000 08:01 524356                     /lib/x86_64-linux-gnu/ld-2.24.so
7fa47f483000-7fa47f484000 rw-p 00024000 08:01 524356                     /lib/x86_64-linux-gnu/ld-2.24.so
7fa47f484000-7fa47f485000 rw-p 00000000 00:00 0 
7ffc73cc6000-7ffc73ce7000 rw-p 00000000 00:00 0                          [stack]
7ffc73d04000-7ffc73d06000 r--p 00000000 00:00 0                          [vvar]
7ffc73d06000-7ffc73d08000 r-xp 00000000 00:00 0                          [vdso]
ffffffffff600000-ffffffffff601000 r-xp 00000000 00:00 0                  [vsyscall]

VM Arguments:
jvm_args: -Xms6G -Xmx6G 
java_command: /home/minecraft/1.13-pre6.jar nogui
java_class_path (initial): /home/minecraft/1.13-pre6.jar
Launcher Type: SUN_STANDARD

Environment Variables:
PATH=/usr/local/sbin:/usr/local/bin:/usr/sbin:/usr/bin:/sbin:/bin
USERNAME=root
SHELL=/bin/bash

Signal Handlers:
SIGSEGV: [libjvm.so+0xa71730], sa_mask[0]=11111111011111111101111111111110, sa_flags=SA_RESTART|SA_SIGINFO
SIGBUS: [libjvm.so+0xa71730], sa_mask[0]=11111111011111111101111111111110, sa_flags=SA_RESTART|SA_SIGINFO
SIGFPE: [libjvm.so+0x8ba250], sa_mask[0]=11111111011111111101111111111110, sa_flags=SA_RESTART|SA_SIGINFO
SIGPIPE: [libjvm.so+0x8ba250], sa_mask[0]=11111111011111111101111111111110, sa_flags=SA_RESTART|SA_SIGINFO
SIGXFSZ: [libjvm.so+0x8ba250], sa_mask[0]=11111111011111111101111111111110, sa_flags=SA_RESTART|SA_SIGINFO
SIGILL: [libjvm.so+0x8ba250], sa_mask[0]=11111111011111111101111111111110, sa_flags=SA_RESTART|SA_SIGINFO
SIGUSR1: SIG_DFL, sa_mask[0]=00000000000000000000000000000000, sa_flags=none
SIGUSR2: [libjvm.so+0x8ba100], sa_mask[0]=00000000000000000000000000000000, sa_flags=SA_RESTART|SA_SIGINFO
SIGHUP: SIG_DFL, sa_mask[0]=00000000000000000000000000000000, sa_flags=none
SIGINT: SIG_DFL, sa_mask[0]=00000000000000000000000000000000, sa_flags=none
SIGTERM: SIG_DFL, sa_mask[0]=00000000000000000000000000000000, sa_flags=none
SIGQUIT: SIG_DFL, sa_mask[0]=00000000000000000000000000000000, sa_flags=none


---------------  S Y S T E M  ---------------

OS:PRETTY_NAME="Debian GNU/Linux 9 (stretch)"
NAME="Debian GNU/Linux"
VERSION_ID="9"
VERSION="9 (stretch)"
ID=debian
HOME_URL="https://www.debian.org/"
SUPPORT_URL="https://www.debian.org/support"
BUG_REPORT_URL="https://bugs.debian.org/"

uname:Linux 4.9.0-6-amd64 #1 SMP Debian 4.9.88-1+deb9u1 (2018-05-07) x86_64
libc:glibc 2.24 NPTL 2.24 
rlimit: STACK 8192k, CORE 0k, NPROC 14729, NOFILE 1048576, AS infinity
load average:0.00 0.00 0.00

/proc/meminfo:
MemTotal:        3792956 kB
MemFree:         2360524 kB
MemAvailable:    3469072 kB
Buffers:           30936 kB
Cached:          1275248 kB
SwapCached:            0 kB
Active:          1160592 kB
Inactive:         201884 kB
Active(anon):      56544 kB
Inactive(anon):     7596 kB
Active(file):    1104048 kB
Inactive(file):   194288 kB
Unevictable:           0 kB
Mlocked:               0 kB
SwapTotal:             0 kB
SwapFree:              0 kB
Dirty:                36 kB
Writeback:             0 kB
AnonPages:         56324 kB
Mapped:            32376 kB
Shmem:              7816 kB
Slab:              37888 kB
SReclaimable:      26920 kB
SUnreclaim:        10968 kB
KernelStack:        2032 kB
PageTables:         3336 kB
NFS_Unstable:          0 kB
Bounce:                0 kB
WritebackTmp:          0 kB
CommitLimit:     1896476 kB
Committed_AS:    2655844 kB
VmallocTotal:   34359738367 kB
VmallocUsed:           0 kB
VmallocChunk:          0 kB
HardwareCorrupted:     0 kB
AnonHugePages:         0 kB
ShmemHugePages:        0 kB
ShmemPmdMapped:        0 kB
HugePages_Total:       0
HugePages_Free:        0
HugePages_Rsvd:        0
HugePages_Surp:        0
Hugepagesize:       2048 kB
DirectMap4k:       57292 kB
DirectMap2M:     2826240 kB
DirectMap1G:     1048576 kB


CPU:total 1 (initial active 1) (1 cores per cpu, 1 threads per core) family 6 model 63 stepping 0, cmov, cx8, fxsr, mmx, sse, sse2, sse3, ssse3, sse4.1, sse4.2, popcnt, avx, avx2, aes, clmul, erms, lzcnt, tsc, tscinvbit, bmi1, bmi2

/proc/cpuinfo:
processor	: 0
vendor_id	: GenuineIntel
cpu family	: 6
model		: 63
model name	: Intel(R) Xeon(R) CPU @ 2.30GHz
stepping	: 0
microcode	: 0x1
cpu MHz		: 2300.000
cache size	: 46080 KB
physical id	: 0
siblings	: 1
core id		: 0
cpu cores	: 1
apicid		: 0
initial apicid	: 0
fpu		: yes
fpu_exception	: yes
cpuid level	: 13
wp		: yes
flags		: fpu vme de pse tsc msr pae mce cx8 apic sep mtrr pge mca cmov pat pse36 clflush mmx fxsr sse sse2 ss ht syscall nx pdpe1gb rdtscp lm constant_tsc rep_good nopl xtopology nonstop_tsc eagerfpu pni pclmulqdq ssse3 fma cx16 pcid sse4_1 sse4_2 x2apic movbe popcnt aes xsave avx f16c rdrand hypervisor lahf_lm abm invpcid_single kaiser fsgsbase tsc_adjust bmi1 avx2 smep bmi2 erms invpcid xsaveopt
bugs		: cpu_meltdown spectre_v1 spectre_v2
bogomips	: 4600.00
clflush size	: 64
cache_alignment	: 64
address sizes	: 46 bits physical, 48 bits virtual
power management:



Memory: 4k page, physical 3792956k(2360524k free), swap 0k(0k free)

vm_info: OpenJDK 64-Bit Server VM (25.171-b11) for linux-amd64 JRE (1.8.0_171-8u171-b11-1~deb9u1-b11), built on Apr 27 2018 14:37:13 by "pbuilder" with gcc 6.3.0 20170516

time: Thu Jul  5 13:06:43 2018
elapsed time: 0 seconds (0d 0h 0m 0s)

