#
# There is insufficient memory for the Java Runtime Environment to continue.
# Native memory allocation (mmap) failed to map 4294967296 bytes for committing reserved memory.
# Possible reasons:
#   The system is out of physical RAM or swap space
#   In 32 bit mode, the process size limit was hit
# Possible solutions:
#   Reduce memory load on the system
#   Increase physical memory or swap space
#   Check if swap backing store is full
#   Use 64 bit Java on a 64 bit OS
#   Decrease Java heap size (-Xmx/-Xms)
#   Decrease number of Java threads
#   Decrease Java thread stack sizes (-Xss)
#   Set larger code cache with -XX:ReservedCodeCacheSize=
# This output file may be truncated or incomplete.
#
#  Out of Memory Error (os_linux.cpp:2643), pid=7889, tid=0x00007f40b72ed700
#
# JRE version:  (8.0_171-b11) (build )
# Java VM: OpenJDK 64-Bit Server VM (25.171-b11 mixed mode linux-amd64 compressed oops)
# Failed to write core dump. Core dumps have been disabled. To enable core dumping, try "ulimit -c unlimited" before starting Java again
#

---------------  T H R E A D  ---------------

Current thread (0x00007f40b000a800):  JavaThread "Unknown thread" [_thread_in_vm, id=7890, stack(0x00007f40b71ed000,0x00007f40b72ee000)]

Stack: [0x00007f40b71ed000,0x00007f40b72ee000],  sp=0x00007f40b72ec4e0,  free space=1021k
Native frames: (J=compiled Java code, j=interpreted, Vv=VM code, C=native code)
V  [libjvm.so+0xa70c90]
V  [libjvm.so+0x4c7acc]
V  [libjvm.so+0x8beb18]
V  [libjvm.so+0x8b90be]
V  [libjvm.so+0xa6d844]
V  [libjvm.so+0x5cb7b0]
V  [libjvm.so+0xa0d2a4]
V  [libjvm.so+0x5cc54a]
V  [libjvm.so+0x5b7d4f]
V  [libjvm.so+0xa34f21]
V  [libjvm.so+0xa35182]
V  [libjvm.so+0x610d0f]
V  [libjvm.so+0xa19a3a]
V  [libjvm.so+0x68b351]  JNI_CreateJavaVM+0x61
C  [libjli.so+0x2f06]
C  [libjli.so+0x74fd]
C  [libpthread.so.0+0x7494]  start_thread+0xc4


---------------  P R O C E S S  ---------------

Java Threads: ( => current thread )

Other Threads:

=>0x00007f40b000a800 (exited) JavaThread "Unknown thread" [_thread_in_vm, id=7890, stack(0x00007f40b71ed000,0x00007f40b72ee000)]

VM state:not at safepoint (not fully initialized)

VM Mutex/Monitor currently owned by a thread: None

GC Heap History (0 events):
No events

Deoptimization events (0 events):
No events

Classes redefined (0 events):
No events

Internal exceptions (0 events):
No events

Events (0 events):
No events


Dynamic libraries:
640000000-6c0000000 rw-p 00000000 00:00 0 
559bc8c84000-559bc8c85000 r-xp 00000000 08:01 138066                     /usr/lib/jvm/java-8-openjdk-amd64/jre/bin/java
559bc8e84000-559bc8e85000 r--p 00000000 08:01 138066                     /usr/lib/jvm/java-8-openjdk-amd64/jre/bin/java
559bc8e85000-559bc8e86000 rw-p 00001000 08:01 138066                     /usr/lib/jvm/java-8-openjdk-amd64/jre/bin/java
559bca397000-559bca3b8000 rw-p 00000000 00:00 0                          [heap]
7f409fc24000-7f40a0024000 rw-p 00000000 00:00 0 
7f40a0024000-7f40a0824000 ---p 00000000 00:00 0 
7f40a0824000-7f40a082f000 rw-p 00000000 00:00 0 
7f40a082f000-7f40a0be5000 ---p 00000000 00:00 0 
7f40a0be5000-7f40a0e55000 rwxp 00000000 00:00 0 
7f40a0e55000-7f40afbe5000 ---p 00000000 00:00 0 
7f40afbe5000-7f40afbed000 r-xp 00000000 08:01 147616                     /usr/lib/jvm/java-8-openjdk-amd64/jre/lib/amd64/libzip.so
7f40afbed000-7f40afdec000 ---p 00008000 08:01 147616                     /usr/lib/jvm/java-8-openjdk-amd64/jre/lib/amd64/libzip.so
7f40afdec000-7f40afded000 r--p 00007000 08:01 147616                     /usr/lib/jvm/java-8-openjdk-amd64/jre/lib/amd64/libzip.so
7f40afded000-7f40afdee000 rw-p 00008000 08:01 147616                     /usr/lib/jvm/java-8-openjdk-amd64/jre/lib/amd64/libzip.so
7f40afdee000-7f40afdf8000 r-xp 00000000 08:01 524435                     /lib/x86_64-linux-gnu/libnss_files-2.24.so
7f40afdf8000-7f40afff8000 ---p 0000a000 08:01 524435                     /lib/x86_64-linux-gnu/libnss_files-2.24.so
7f40afff8000-7f40afff9000 r--p 0000a000 08:01 524435                     /lib/x86_64-linux-gnu/libnss_files-2.24.so
7f40afff9000-7f40afffa000 rw-p 0000b000 08:01 524435                     /lib/x86_64-linux-gnu/libnss_files-2.24.so
7f40afffa000-7f40b0000000 rw-p 00000000 00:00 0 
7f40b0000000-7f40b0033000 rw-p 00000000 00:00 0 
7f40b0033000-7f40b4000000 ---p 00000000 00:00 0 
7f40b4096000-7f40b40a1000 r-xp 00000000 08:01 524697                     /lib/x86_64-linux-gnu/libnss_nis-2.24.so
7f40b40a1000-7f40b42a0000 ---p 0000b000 08:01 524697                     /lib/x86_64-linux-gnu/libnss_nis-2.24.so
7f40b42a0000-7f40b42a1000 r--p 0000a000 08:01 524697                     /lib/x86_64-linux-gnu/libnss_nis-2.24.so
7f40b42a1000-7f40b42a2000 rw-p 0000b000 08:01 524697                     /lib/x86_64-linux-gnu/libnss_nis-2.24.so
7f40b42a2000-7f40b42b6000 r-xp 00000000 08:01 524380                     /lib/x86_64-linux-gnu/libnsl-2.24.so
7f40b42b6000-7f40b44b6000 ---p 00014000 08:01 524380                     /lib/x86_64-linux-gnu/libnsl-2.24.so
7f40b44b6000-7f40b44b7000 r--p 00014000 08:01 524380                     /lib/x86_64-linux-gnu/libnsl-2.24.so
7f40b44b7000-7f40b44b8000 rw-p 00015000 08:01 524380                     /lib/x86_64-linux-gnu/libnsl-2.24.so
7f40b44b8000-7f40b44ba000 rw-p 00000000 00:00 0 
7f40b44ba000-7f40b44c1000 r-xp 00000000 08:01 524381                     /lib/x86_64-linux-gnu/libnss_compat-2.24.so
7f40b44c1000-7f40b46c0000 ---p 00007000 08:01 524381                     /lib/x86_64-linux-gnu/libnss_compat-2.24.so
7f40b46c0000-7f40b46c1000 r--p 00006000 08:01 524381                     /lib/x86_64-linux-gnu/libnss_compat-2.24.so
7f40b46c1000-7f40b46c2000 rw-p 00007000 08:01 524381                     /lib/x86_64-linux-gnu/libnss_compat-2.24.so
7f40b46c2000-7f40b46ef000 r-xp 00000000 08:01 147588                     /usr/lib/jvm/java-8-openjdk-amd64/jre/lib/amd64/libjava.so
7f40b46ef000-7f40b48ef000 ---p 0002d000 08:01 147588                     /usr/lib/jvm/java-8-openjdk-amd64/jre/lib/amd64/libjava.so
7f40b48ef000-7f40b48f0000 r--p 0002d000 08:01 147588                     /usr/lib/jvm/java-8-openjdk-amd64/jre/lib/amd64/libjava.so
7f40b48f0000-7f40b48f2000 rw-p 0002e000 08:01 147588                     /usr/lib/jvm/java-8-openjdk-amd64/jre/lib/amd64/libjava.so
7f40b48f2000-7f40b4901000 r-xp 00000000 08:01 147615                     /usr/lib/jvm/java-8-openjdk-amd64/jre/lib/amd64/libverify.so
7f40b4901000-7f40b4b01000 ---p 0000f000 08:01 147615                     /usr/lib/jvm/java-8-openjdk-amd64/jre/lib/amd64/libverify.so
7f40b4b01000-7f40b4b03000 r--p 0000f000 08:01 147615                     /usr/lib/jvm/java-8-openjdk-amd64/jre/lib/amd64/libverify.so
7f40b4b03000-7f40b4b04000 rw-p 00011000 08:01 147615                     /usr/lib/jvm/java-8-openjdk-amd64/jre/lib/amd64/libverify.so
7f40b4b04000-7f40b4b0b000 r-xp 00000000 08:01 524731                     /lib/x86_64-linux-gnu/librt-2.24.so
7f40b4b0b000-7f40b4d0a000 ---p 00007000 08:01 524731                     /lib/x86_64-linux-gnu/librt-2.24.so
7f40b4d0a000-7f40b4d0b000 r--p 00006000 08:01 524731                     /lib/x86_64-linux-gnu/librt-2.24.so
7f40b4d0b000-7f40b4d0c000 rw-p 00007000 08:01 524731                     /lib/x86_64-linux-gnu/librt-2.24.so
7f40b4d0c000-7f40b4d22000 r-xp 00000000 08:01 525381                     /lib/x86_64-linux-gnu/libgcc_s.so.1
7f40b4d22000-7f40b4f21000 ---p 00016000 08:01 525381                     /lib/x86_64-linux-gnu/libgcc_s.so.1
7f40b4f21000-7f40b4f22000 r--p 00015000 08:01 525381                     /lib/x86_64-linux-gnu/libgcc_s.so.1
7f40b4f22000-7f40b4f23000 rw-p 00016000 08:01 525381                     /lib/x86_64-linux-gnu/libgcc_s.so.1
7f40b4f23000-7f40b5026000 r-xp 00000000 08:01 524377                     /lib/x86_64-linux-gnu/libm-2.24.so
7f40b5026000-7f40b5225000 ---p 00103000 08:01 524377                     /lib/x86_64-linux-gnu/libm-2.24.so
7f40b5225000-7f40b5226000 r--p 00102000 08:01 524377                     /lib/x86_64-linux-gnu/libm-2.24.so
7f40b5226000-7f40b5227000 rw-p 00103000 08:01 524377                     /lib/x86_64-linux-gnu/libm-2.24.so
7f40b5227000-7f40b5399000 r-xp 00000000 08:01 132130                     /usr/lib/x86_64-linux-gnu/libstdc++.so.6.0.22
7f40b5399000-7f40b5599000 ---p 00172000 08:01 132130                     /usr/lib/x86_64-linux-gnu/libstdc++.so.6.0.22
7f40b5599000-7f40b55a3000 r--p 00172000 08:01 132130                     /usr/lib/x86_64-linux-gnu/libstdc++.so.6.0.22
7f40b55a3000-7f40b55a5000 rw-p 0017c000 08:01 132130                     /usr/lib/x86_64-linux-gnu/libstdc++.so.6.0.22
7f40b55a5000-7f40b55a9000 rw-p 00000000 00:00 0 
7f40b55a9000-7f40b6203000 r-xp 00000000 08:01 147618                     /usr/lib/jvm/java-8-openjdk-amd64/jre/lib/amd64/server/libjvm.so
7f40b6203000-7f40b6402000 ---p 00c5a000 08:01 147618                     /usr/lib/jvm/java-8-openjdk-amd64/jre/lib/amd64/server/libjvm.so
7f40b6402000-7f40b6496000 r--p 00c59000 08:01 147618                     /usr/lib/jvm/java-8-openjdk-amd64/jre/lib/amd64/server/libjvm.so
7f40b6496000-7f40b64bf000 rw-p 00ced000 08:01 147618                     /usr/lib/jvm/java-8-openjdk-amd64/jre/lib/amd64/server/libjvm.so
7f40b64bf000-7f40b64ef000 rw-p 00000000 00:00 0 
7f40b64ef000-7f40b6684000 r-xp 00000000 08:01 524372                     /lib/x86_64-linux-gnu/libc-2.24.so
7f40b6684000-7f40b6884000 ---p 00195000 08:01 524372                     /lib/x86_64-linux-gnu/libc-2.24.so
7f40b6884000-7f40b6888000 r--p 00195000 08:01 524372                     /lib/x86_64-linux-gnu/libc-2.24.so
7f40b6888000-7f40b688a000 rw-p 00199000 08:01 524372                     /lib/x86_64-linux-gnu/libc-2.24.so
7f40b688a000-7f40b688e000 rw-p 00000000 00:00 0 
7f40b688e000-7f40b6891000 r-xp 00000000 08:01 524375                     /lib/x86_64-linux-gnu/libdl-2.24.so
7f40b6891000-7f40b6a90000 ---p 00003000 08:01 524375                     /lib/x86_64-linux-gnu/libdl-2.24.so
7f40b6a90000-7f40b6a91000 r--p 00002000 08:01 524375                     /lib/x86_64-linux-gnu/libdl-2.24.so
7f40b6a91000-7f40b6a92000 rw-p 00003000 08:01 524375                     /lib/x86_64-linux-gnu/libdl-2.24.so
7f40b6a92000-7f40b6a9f000 r-xp 00000000 08:01 147283                     /usr/lib/jvm/java-8-openjdk-amd64/jre/lib/amd64/jli/libjli.so
7f40b6a9f000-7f40b6c9f000 ---p 0000d000 08:01 147283                     /usr/lib/jvm/java-8-openjdk-amd64/jre/lib/amd64/jli/libjli.so
7f40b6c9f000-7f40b6ca0000 r--p 0000d000 08:01 147283                     /usr/lib/jvm/java-8-openjdk-amd64/jre/lib/amd64/jli/libjli.so
7f40b6ca0000-7f40b6ca1000 rw-p 0000e000 08:01 147283                     /usr/lib/jvm/java-8-openjdk-amd64/jre/lib/amd64/jli/libjli.so
7f40b6ca1000-7f40b6cba000 r-xp 00000000 08:01 524630                     /lib/x86_64-linux-gnu/libz.so.1.2.8
7f40b6cba000-7f40b6eb9000 ---p 00019000 08:01 524630                     /lib/x86_64-linux-gnu/libz.so.1.2.8
7f40b6eb9000-7f40b6eba000 r--p 00018000 08:01 524630                     /lib/x86_64-linux-gnu/libz.so.1.2.8
7f40b6eba000-7f40b6ebb000 rw-p 00019000 08:01 524630                     /lib/x86_64-linux-gnu/libz.so.1.2.8
7f40b6ebb000-7f40b6ed3000 r-xp 00000000 08:01 524727                     /lib/x86_64-linux-gnu/libpthread-2.24.so
7f40b6ed3000-7f40b70d2000 ---p 00018000 08:01 524727                     /lib/x86_64-linux-gnu/libpthread-2.24.so
7f40b70d2000-7f40b70d3000 r--p 00017000 08:01 524727                     /lib/x86_64-linux-gnu/libpthread-2.24.so
7f40b70d3000-7f40b70d4000 rw-p 00018000 08:01 524727                     /lib/x86_64-linux-gnu/libpthread-2.24.so
7f40b70d4000-7f40b70d8000 rw-p 00000000 00:00 0 
7f40b70d8000-7f40b70fb000 r-xp 00000000 08:01 524356                     /lib/x86_64-linux-gnu/ld-2.24.so
7f40b71e5000-7f40b71ed000 rw-s 00000000 08:01 531409                     /tmp/hsperfdata_root/7889
7f40b71ed000-7f40b71f0000 ---p 00000000 00:00 0 
7f40b71f0000-7f40b72f0000 rw-p 00000000 00:00 0 
7f40b72f6000-7f40b72f7000 rw-p 00000000 00:00 0 
7f40b72f7000-7f40b72f8000 r--p 00000000 00:00 0 
7f40b72f8000-7f40b72fb000 rw-p 00000000 00:00 0 
7f40b72fb000-7f40b72fc000 r--p 00023000 08:01 524356                     /lib/x86_64-linux-gnu/ld-2.24.so
7f40b72fc000-7f40b72fd000 rw-p 00024000 08:01 524356                     /lib/x86_64-linux-gnu/ld-2.24.so
7f40b72fd000-7f40b72fe000 rw-p 00000000 00:00 0 
7ffeb75e2000-7ffeb7603000 rw-p 00000000 00:00 0                          [stack]
7ffeb76a1000-7ffeb76a3000 r--p 00000000 00:00 0                          [vvar]
7ffeb76a3000-7ffeb76a5000 r-xp 00000000 00:00 0                          [vdso]
ffffffffff600000-ffffffffff601000 r-xp 00000000 00:00 0                  [vsyscall]

VM Arguments:
jvm_args: -Xms6G -Xmx6G 
java_command: /home/minecraft/1.13-pre7.jar nogui
java_class_path (initial): /home/minecraft/1.13-pre7.jar
Launcher Type: SUN_STANDARD

Environment Variables:
PATH=/usr/local/sbin:/usr/local/bin:/usr/sbin:/usr/bin:/sbin:/bin
USERNAME=root
SHELL=/bin/bash

Signal Handlers:
SIGSEGV: [libjvm.so+0xa71730], sa_mask[0]=11111111011111111101111111111110, sa_flags=SA_RESTART|SA_SIGINFO
SIGBUS: [libjvm.so+0xa71730], sa_mask[0]=11111111011111111101111111111110, sa_flags=SA_RESTART|SA_SIGINFO
SIGFPE: [libjvm.so+0x8ba250], sa_mask[0]=11111111011111111101111111111110, sa_flags=SA_RESTART|SA_SIGINFO
SIGPIPE: [libjvm.so+0x8ba250], sa_mask[0]=11111111011111111101111111111110, sa_flags=SA_RESTART|SA_SIGINFO
SIGXFSZ: [libjvm.so+0x8ba250], sa_mask[0]=11111111011111111101111111111110, sa_flags=SA_RESTART|SA_SIGINFO
SIGILL: [libjvm.so+0x8ba250], sa_mask[0]=11111111011111111101111111111110, sa_flags=SA_RESTART|SA_SIGINFO
SIGUSR1: SIG_DFL, sa_mask[0]=00000000000000000000000000000000, sa_flags=none
SIGUSR2: [libjvm.so+0x8ba100], sa_mask[0]=00000000000000000000000000000000, sa_flags=SA_RESTART|SA_SIGINFO
SIGHUP: SIG_DFL, sa_mask[0]=00000000000000000000000000000000, sa_flags=none
SIGINT: SIG_DFL, sa_mask[0]=00000000000000000000000000000000, sa_flags=none
SIGTERM: SIG_DFL, sa_mask[0]=00000000000000000000000000000000, sa_flags=none
SIGQUIT: SIG_DFL, sa_mask[0]=00000000000000000000000000000000, sa_flags=none


---------------  S Y S T E M  ---------------

OS:PRETTY_NAME="Debian GNU/Linux 9 (stretch)"
NAME="Debian GNU/Linux"
VERSION_ID="9"
VERSION="9 (stretch)"
ID=debian
HOME_URL="https://www.debian.org/"
SUPPORT_URL="https://www.debian.org/support"
BUG_REPORT_URL="https://bugs.debian.org/"

uname:Linux 4.9.0-6-amd64 #1 SMP Debian 4.9.88-1+deb9u1 (2018-05-07) x86_64
libc:glibc 2.24 NPTL 2.24 
rlimit: STACK 8192k, CORE 0k, NPROC 14729, NOFILE 1048576, AS infinity
load average:0.17 0.07 0.02

/proc/meminfo:
MemTotal:        3792956 kB
MemFree:         1234764 kB
MemAvailable:    3415984 kB
Buffers:           52368 kB
Cached:          2327224 kB
SwapCached:            0 kB
Active:          1231440 kB
Inactive:        1205248 kB
Active(anon):      61640 kB
Inactive(anon):    26996 kB
Active(file):    1169800 kB
Inactive(file):  1178252 kB
Unevictable:           0 kB
Mlocked:               0 kB
SwapTotal:             0 kB
SwapFree:              0 kB
Dirty:             31952 kB
Writeback:             0 kB
AnonPages:         57104 kB
Mapped:            33788 kB
Shmem:             31540 kB
Slab:              84496 kB
SReclaimable:      72832 kB
SUnreclaim:        11664 kB
KernelStack:        2044 kB
PageTables:         3344 kB
NFS_Unstable:          0 kB
Bounce:                0 kB
WritebackTmp:          0 kB
CommitLimit:     1896476 kB
Committed_AS:    2696488 kB
VmallocTotal:   34359738367 kB
VmallocUsed:           0 kB
VmallocChunk:          0 kB
HardwareCorrupted:     0 kB
AnonHugePages:         0 kB
ShmemHugePages:        0 kB
ShmemPmdMapped:        0 kB
HugePages_Total:       0
HugePages_Free:        0
HugePages_Rsvd:        0
HugePages_Surp:        0
Hugepagesize:       2048 kB
DirectMap4k:       73676 kB
DirectMap2M:     2809856 kB
DirectMap1G:     1048576 kB


CPU:total 1 (initial active 1) (1 cores per cpu, 1 threads per core) family 6 model 63 stepping 0, cmov, cx8, fxsr, mmx, sse, sse2, sse3, ssse3, sse4.1, sse4.2, popcnt, avx, avx2, aes, clmul, erms, lzcnt, tsc, tscinvbit, bmi1, bmi2

/proc/cpuinfo:
processor	: 0
vendor_id	: GenuineIntel
cpu family	: 6
model		: 63
model name	: Intel(R) Xeon(R) CPU @ 2.30GHz
stepping	: 0
microcode	: 0x1
cpu MHz		: 2300.000
cache size	: 46080 KB
physical id	: 0
siblings	: 1
core id		: 0
cpu cores	: 1
apicid		: 0
initial apicid	: 0
fpu		: yes
fpu_exception	: yes
cpuid level	: 13
wp		: yes
flags		: fpu vme de pse tsc msr pae mce cx8 apic sep mtrr pge mca cmov pat pse36 clflush mmx fxsr sse sse2 ss ht syscall nx pdpe1gb rdtscp lm constant_tsc rep_good nopl xtopology nonstop_tsc eagerfpu pni pclmulqdq ssse3 fma cx16 pcid sse4_1 sse4_2 x2apic movbe popcnt aes xsave avx f16c rdrand hypervisor lahf_lm abm invpcid_single kaiser fsgsbase tsc_adjust bmi1 avx2 smep bmi2 erms invpcid xsaveopt
bugs		: cpu_meltdown spectre_v1 spectre_v2
bogomips	: 4600.00
clflush size	: 64
cache_alignment	: 64
address sizes	: 46 bits physical, 48 bits virtual
power management:



Memory: 4k page, physical 3792956k(1234764k free), swap 0k(0k free)

vm_info: OpenJDK 64-Bit Server VM (25.171-b11) for linux-amd64 JRE (1.8.0_171-8u171-b11-1~deb9u1-b11), built on Apr 27 2018 14:37:13 by "pbuilder" with gcc 6.3.0 20170516

time: Fri Jul 13 01:40:46 2018
elapsed time: 0 seconds (0d 0h 0m 0s)

